<?xml version="1.0" encoding="UTF-8"?>
<coverage generated="1718029122500" clover="3.2.0">
  <project timestamp="1718029122500" name="All files">
    <metrics statements="11" coveredstatements="11" conditionals="0" coveredconditionals="0" methods="6" coveredmethods="6" elements="17" coveredelements="17" complexity="0" loc="11" ncloc="11" packages="1" files="2" classes="2"/>
    <file name="Counter.jsx" path="/Users/jonathan/Desktop/Projects/counter/counter/src/Counter.jsx">
      <metrics statements="10" coveredstatements="10" conditionals="0" coveredconditionals="0" methods="5" coveredmethods="5"/>
      <line num="4" count="11" type="stmt"/>
      <line num="6" count="11" type="stmt"/>
      <line num="7" count="1" type="stmt"/>
      <line num="10" count="11" type="stmt"/>
      <line num="11" count="3" type="stmt"/>
      <line num="14" count="11" type="stmt"/>
      <line num="15" count="1" type="stmt"/>
      <line num="18" count="11" type="stmt"/>
      <line num="19" count="1" type="stmt"/>
      <line num="22" count="11" type="stmt"/>
    </file>
    <file name="Sum.jsx" path="/Users/jonathan/Desktop/Projects/counter/counter/src/Sum.jsx">
      <metrics statements="1" coveredstatements="1" conditionals="0" coveredconditionals="0" methods="1" coveredmethods="1"/>
      <line num="2" count="1" type="stmt"/>
    </file>
  </project>
</coverage>
