{"/Users/jonathan/Desktop/Projects/counter/counter/src/Sum.jsx": {"path":"/Users/jonathan/Desktop/Projects/counter/counter/src/Sum.jsx","statementMap":{"0":{"start":{"line":2,"column":2},"end":{"line":2,"column":15}}},"fnMap":{"0":{"name":"sum","decl":{"start":{"line":1,"column":9},"end":{"line":1,"column":12}},"loc":{"start":{"line":1,"column":19},"end":{"line":3,"column":1}},"line":1}},"branchMap":{},"s":{"0":1},"f":{"0":1},"b":{},"_coverageSchema":"1a1c01bbd47fc00a2c39e90264f33305004495a9","hash":"5c6cbc5b384f8228a5816a729a12f9cb793ac7bd"}
}
